2018-04-12 11:14:26:395 INFO [initWebApplicationContext] org.springframework.web.context.ContextLoader 285 Root WebApplicationContext: initialization started
2018-04-12 11:14:26:488 INFO [prepareRefresh] org.springframework.web.context.support.XmlWebApplicationContext 513 Refreshing Root WebApplicationContext: startup date [Thu Apr 12 11:14:26 CST 2018]; root of context hierarchy
2018-04-12 11:14:26:521 INFO [loadBeanDefinitions] org.springframework.beans.factory.xml.XmlBeanDefinitionReader 316 Loading XML bean definitions from class path resource [applicationContext.xml]
2018-04-12 11:14:26:782 INFO [loadBeanDefinitions] org.springframework.beans.factory.xml.XmlBeanDefinitionReader 316 Loading XML bean definitions from class path resource [spring-mybatis.xml]
2018-04-12 11:14:27:088 WARN [doScan] org.mybatis.spring.mapper.ClassPathMapperScanner 155 No MyBatis mapper was found in '[org.ssm.dufy.dao]' package. Please check your configuration.
2018-04-12 11:14:27:102 INFO [loadProperties] org.springframework.beans.factory.config.PropertyPlaceholderConfigurer 172 Loading properties file from class path resource [jdbc.properties]
2018-04-12 11:14:27:648 INFO [init] com.alibaba.druid.pool.DruidDataSource 642 {dataSource-1} inited
2018-04-12 11:14:27:728 INFO [close] com.alibaba.druid.pool.DruidDataSource 1253 {dataSource-1} closed
2018-04-12 11:14:27:729 ERROR [initWebApplicationContext] org.springframework.web.context.ContextLoader 331 Context initialization failed
org.springframework.beans.factory.CannotLoadBeanClassException: Error loading class [org.springframework.scheduling.quartz.CronTriggerBean] for bean with name 'doWork' defined in class path resource [applicationContext.xml]: problem with class file or dependent class; nested exception is java.lang.IncompatibleClassChangeError: class org.springframework.scheduling.quartz.CronTriggerBean has interface org.quartz.CronTrigger as super class
	at org.springframework.beans.factory.support.AbstractBeanFactory.resolveBeanClass(AbstractBeanFactory.java:1330)
	at org.springframework.beans.factory.support.AbstractAutowireCapableBeanFactory.predictBeanType(AbstractAutowireCapableBeanFactory.java:594)
	at org.springframework.beans.factory.support.AbstractBeanFactory.isFactoryBean(AbstractBeanFactory.java:1396)
	at org.springframework.beans.factory.support.AbstractBeanFactory.isFactoryBean(AbstractBeanFactory.java:959)
	at org.springframework.beans.factory.support.DefaultListableBeanFactory.preInstantiateSingletons(DefaultListableBeanFactory.java:683)
	at org.springframework.context.support.AbstractApplicationContext.finishBeanFactoryInitialization(AbstractApplicationContext.java:760)
	at org.springframework.context.support.AbstractApplicationContext.refresh(AbstractApplicationContext.java:482)
	at org.springframework.web.context.ContextLoader.configureAndRefreshWebApplicationContext(ContextLoader.java:403)
	at org.springframework.web.context.ContextLoader.initWebApplicationContext(ContextLoader.java:306)
	at org.springframework.web.context.ContextLoaderListener.contextInitialized(ContextLoaderListener.java:106)
	at org.apache.catalina.core.StandardContext.listenerStart(StandardContext.java:4973)
	at org.apache.catalina.core.StandardContext.startInternal(StandardContext.java:5467)
	at org.apache.catalina.util.LifecycleBase.start(LifecycleBase.java:150)
	at org.apache.catalina.core.ContainerBase$StartChild.call(ContainerBase.java:1559)
	at org.apache.catalina.core.ContainerBase$StartChild.call(ContainerBase.java:1549)
	at java.util.concurrent.FutureTask.run(FutureTask.java:266)
	at java.util.concurrent.ThreadPoolExecutor.runWorker(ThreadPoolExecutor.java:1142)
	at java.util.concurrent.ThreadPoolExecutor$Worker.run(ThreadPoolExecutor.java:617)
	at java.lang.Thread.run(Thread.java:745)
Caused by: java.lang.IncompatibleClassChangeError: class org.springframework.scheduling.quartz.CronTriggerBean has interface org.quartz.CronTrigger as super class
	at java.lang.ClassLoader.defineClass1(Native Method)
	at java.lang.ClassLoader.defineClass(ClassLoader.java:763)
	at java.security.SecureClassLoader.defineClass(SecureClassLoader.java:142)
	at org.apache.catalina.loader.WebappClassLoader.findClassInternal(WebappClassLoader.java:2957)
	at org.apache.catalina.loader.WebappClassLoader.findClass(WebappClassLoader.java:1210)
	at org.apache.catalina.loader.WebappClassLoader.loadClass(WebappClassLoader.java:1690)
	at org.apache.catalina.loader.WebappClassLoader.loadClass(WebappClassLoader.java:1571)
	at org.springframework.util.ClassUtils.forName(ClassUtils.java:247)
	at org.springframework.beans.factory.support.AbstractBeanDefinition.resolveBeanClass(AbstractBeanDefinition.java:395)
	at org.springframework.beans.factory.support.AbstractBeanFactory.doResolveBeanClass(AbstractBeanFactory.java:1348)
	at org.springframework.beans.factory.support.AbstractBeanFactory.resolveBeanClass(AbstractBeanFactory.java:1319)
	... 18 more
2018-04-12 11:16:19:287 INFO [initWebApplicationContext] org.springframework.web.context.ContextLoader 285 Root WebApplicationContext: initialization started
2018-04-12 11:16:19:355 INFO [prepareRefresh] org.springframework.web.context.support.XmlWebApplicationContext 513 Refreshing Root WebApplicationContext: startup date [Thu Apr 12 11:16:19 CST 2018]; root of context hierarchy
2018-04-12 11:16:19:387 INFO [loadBeanDefinitions] org.springframework.beans.factory.xml.XmlBeanDefinitionReader 316 Loading XML bean definitions from class path resource [applicationContext.xml]
2018-04-12 11:16:19:528 INFO [loadBeanDefinitions] org.springframework.beans.factory.xml.XmlBeanDefinitionReader 316 Loading XML bean definitions from class path resource [spring-mybatis.xml]
2018-04-12 11:16:19:759 WARN [doScan] org.mybatis.spring.mapper.ClassPathMapperScanner 155 No MyBatis mapper was found in '[org.ssm.dufy.dao]' package. Please check your configuration.
2018-04-12 11:16:19:772 INFO [loadProperties] org.springframework.beans.factory.config.PropertyPlaceholderConfigurer 172 Loading properties file from class path resource [jdbc.properties]
2018-04-12 11:16:20:260 INFO [init] com.alibaba.druid.pool.DruidDataSource 642 {dataSource-1} inited
2018-04-12 11:16:20:338 INFO [close] com.alibaba.druid.pool.DruidDataSource 1253 {dataSource-1} closed
2018-04-12 11:16:20:339 ERROR [initWebApplicationContext] org.springframework.web.context.ContextLoader 331 Context initialization failed
org.springframework.beans.factory.CannotLoadBeanClassException: Error loading class [org.springframework.scheduling.quartz.CronTriggerBean] for bean with name 'doWork' defined in class path resource [applicationContext.xml]: problem with class file or dependent class; nested exception is java.lang.IncompatibleClassChangeError: class org.springframework.scheduling.quartz.CronTriggerBean has interface org.quartz.CronTrigger as super class
	at org.springframework.beans.factory.support.AbstractBeanFactory.resolveBeanClass(AbstractBeanFactory.java:1330)
	at org.springframework.beans.factory.support.AbstractAutowireCapableBeanFactory.predictBeanType(AbstractAutowireCapableBeanFactory.java:594)
	at org.springframework.beans.factory.support.AbstractBeanFactory.isFactoryBean(AbstractBeanFactory.java:1396)
	at org.springframework.beans.factory.support.AbstractBeanFactory.isFactoryBean(AbstractBeanFactory.java:959)
	at org.springframework.beans.factory.support.DefaultListableBeanFactory.preInstantiateSingletons(DefaultListableBeanFactory.java:683)
	at org.springframework.context.support.AbstractApplicationContext.finishBeanFactoryInitialization(AbstractApplicationContext.java:760)
	at org.springframework.context.support.AbstractApplicationContext.refresh(AbstractApplicationContext.java:482)
	at org.springframework.web.context.ContextLoader.configureAndRefreshWebApplicationContext(ContextLoader.java:403)
	at org.springframework.web.context.ContextLoader.initWebApplicationContext(ContextLoader.java:306)
	at org.springframework.web.context.ContextLoaderListener.contextInitialized(ContextLoaderListener.java:106)
	at org.apache.catalina.core.StandardContext.listenerStart(StandardContext.java:4973)
	at org.apache.catalina.core.StandardContext.startInternal(StandardContext.java:5467)
	at org.apache.catalina.util.LifecycleBase.start(LifecycleBase.java:150)
	at org.apache.catalina.core.ContainerBase$StartChild.call(ContainerBase.java:1559)
	at org.apache.catalina.core.ContainerBase$StartChild.call(ContainerBase.java:1549)
	at java.util.concurrent.FutureTask.run(FutureTask.java:266)
	at java.util.concurrent.ThreadPoolExecutor.runWorker(ThreadPoolExecutor.java:1142)
	at java.util.concurrent.ThreadPoolExecutor$Worker.run(ThreadPoolExecutor.java:617)
	at java.lang.Thread.run(Thread.java:745)
Caused by: java.lang.IncompatibleClassChangeError: class org.springframework.scheduling.quartz.CronTriggerBean has interface org.quartz.CronTrigger as super class
	at java.lang.ClassLoader.defineClass1(Native Method)
	at java.lang.ClassLoader.defineClass(ClassLoader.java:763)
	at java.security.SecureClassLoader.defineClass(SecureClassLoader.java:142)
	at org.apache.catalina.loader.WebappClassLoader.findClassInternal(WebappClassLoader.java:2957)
	at org.apache.catalina.loader.WebappClassLoader.findClass(WebappClassLoader.java:1210)
	at org.apache.catalina.loader.WebappClassLoader.loadClass(WebappClassLoader.java:1690)
	at org.apache.catalina.loader.WebappClassLoader.loadClass(WebappClassLoader.java:1571)
	at org.springframework.util.ClassUtils.forName(ClassUtils.java:247)
	at org.springframework.beans.factory.support.AbstractBeanDefinition.resolveBeanClass(AbstractBeanDefinition.java:395)
	at org.springframework.beans.factory.support.AbstractBeanFactory.doResolveBeanClass(AbstractBeanFactory.java:1348)
	at org.springframework.beans.factory.support.AbstractBeanFactory.resolveBeanClass(AbstractBeanFactory.java:1319)
	... 18 more
2018-04-12 11:22:39:638 INFO [initWebApplicationContext] org.springframework.web.context.ContextLoader 285 Root WebApplicationContext: initialization started
2018-04-12 11:22:39:710 INFO [prepareRefresh] org.springframework.web.context.support.XmlWebApplicationContext 513 Refreshing Root WebApplicationContext: startup date [Thu Apr 12 11:22:39 CST 2018]; root of context hierarchy
2018-04-12 11:22:39:744 INFO [loadBeanDefinitions] org.springframework.beans.factory.xml.XmlBeanDefinitionReader 316 Loading XML bean definitions from class path resource [applicationContext.xml]
2018-04-12 11:22:39:890 INFO [loadBeanDefinitions] org.springframework.beans.factory.xml.XmlBeanDefinitionReader 316 Loading XML bean definitions from class path resource [spring-mybatis.xml]
2018-04-12 11:22:40:130 WARN [doScan] org.mybatis.spring.mapper.ClassPathMapperScanner 155 No MyBatis mapper was found in '[org.ssm.dufy.dao]' package. Please check your configuration.
2018-04-12 11:22:40:146 INFO [loadProperties] org.springframework.beans.factory.config.PropertyPlaceholderConfigurer 172 Loading properties file from class path resource [jdbc.properties]
2018-04-12 11:22:40:595 INFO [init] com.alibaba.druid.pool.DruidDataSource 642 {dataSource-1} inited
2018-04-12 11:22:40:890 INFO [start] org.springframework.context.support.DefaultLifecycleProcessor 341 Starting beans in phase 2147483647
2018-04-12 11:22:40:890 INFO [startScheduler] org.springframework.scheduling.quartz.SchedulerFactoryBean 649 Starting Quartz Scheduler now
2018-04-12 11:22:40:896 INFO [initWebApplicationContext] org.springframework.web.context.ContextLoader 325 Root WebApplicationContext: initialization completed in 1254 ms
2018-04-12 11:22:40:921 INFO [initServletBean] org.springframework.web.servlet.DispatcherServlet 479 FrameworkServlet 'dispatcherServlet': initialization started
2018-04-12 11:22:40:929 INFO [prepareRefresh] org.springframework.web.context.support.XmlWebApplicationContext 513 Refreshing WebApplicationContext for namespace 'dispatcherServlet-servlet': startup date [Thu Apr 12 11:22:40 CST 2018]; parent: Root WebApplicationContext
2018-04-12 11:22:40:930 INFO [loadBeanDefinitions] org.springframework.beans.factory.xml.XmlBeanDefinitionReader 316 Loading XML bean definitions from class path resource [spring-mvc.xml]
2018-04-12 11:22:41:598 INFO [registerHandlerMethod] org.springframework.web.servlet.mvc.method.annotation.RequestMappingHandlerMapping 197 Mapped "{[/save2],methods=[],params=[],headers=[],consumes=[],produces=[],custom=[]}" onto public void com.mlsc.ssm.controller.impl.QueryController.save()
2018-04-12 11:22:41:599 INFO [registerHandlerMethod] org.springframework.web.servlet.mvc.method.annotation.RequestMappingHandlerMapping 197 Mapped "{[/query2],methods=[],params=[],headers=[],consumes=[],produces=[],custom=[]}" onto public org.springframework.web.servlet.ModelAndView com.mlsc.ssm.controller.impl.QueryController.query(java.lang.String)
2018-04-12 11:22:41:599 INFO [registerHandlerMethod] org.springframework.web.servlet.mvc.method.annotation.RequestMappingHandlerMapping 197 Mapped "{[/save],methods=[],params=[],headers=[],consumes=[],produces=[],custom=[]}" onto public void com.mlsc.ssm.controller.QueryController.save()
2018-04-12 11:22:41:599 INFO [registerHandlerMethod] org.springframework.web.servlet.mvc.method.annotation.RequestMappingHandlerMapping 197 Mapped "{[/query],methods=[],params=[],headers=[],consumes=[],produces=[],custom=[]}" onto public org.springframework.web.servlet.ModelAndView com.mlsc.ssm.controller.QueryController.query(java.lang.String)
2018-04-12 11:22:41:944 INFO [registerHandler] org.springframework.web.servlet.handler.SimpleUrlHandlerMapping 315 Mapped URL path [/**] onto handler 'org.springframework.web.servlet.resource.DefaultServletHttpRequestHandler#0'
2018-04-12 11:22:41:955 INFO [registerHandler] org.springframework.web.servlet.handler.SimpleUrlHandlerMapping 315 Mapped URL path [/static/**] onto handler 'org.springframework.web.servlet.resource.ResourceHttpRequestHandler#0'
2018-04-12 11:22:42:011 INFO [initServletBean] org.springframework.web.servlet.DispatcherServlet 498 FrameworkServlet 'dispatcherServlet': initialization completed in 1089 ms
2018-04-12 11:24:05:807 INFO [initWebApplicationContext] org.springframework.web.context.ContextLoader 285 Root WebApplicationContext: initialization started
2018-04-12 11:24:05:881 INFO [prepareRefresh] org.springframework.web.context.support.XmlWebApplicationContext 513 Refreshing Root WebApplicationContext: startup date [Thu Apr 12 11:24:05 CST 2018]; root of context hierarchy
2018-04-12 11:24:05:913 INFO [loadBeanDefinitions] org.springframework.beans.factory.xml.XmlBeanDefinitionReader 316 Loading XML bean definitions from class path resource [applicationContext.xml]
2018-04-12 11:24:06:053 INFO [loadBeanDefinitions] org.springframework.beans.factory.xml.XmlBeanDefinitionReader 316 Loading XML bean definitions from class path resource [spring-mybatis.xml]
2018-04-12 11:24:06:290 WARN [doScan] org.mybatis.spring.mapper.ClassPathMapperScanner 155 No MyBatis mapper was found in '[org.ssm.dufy.dao]' package. Please check your configuration.
2018-04-12 11:24:06:315 INFO [loadProperties] org.springframework.beans.factory.config.PropertyPlaceholderConfigurer 172 Loading properties file from class path resource [jdbc.properties]
2018-04-12 11:24:06:776 INFO [init] com.alibaba.druid.pool.DruidDataSource 642 {dataSource-1} inited
2018-04-12 11:24:06:867 INFO [close] com.alibaba.druid.pool.DruidDataSource 1253 {dataSource-1} closed
2018-04-12 11:24:06:867 ERROR [initWebApplicationContext] org.springframework.web.context.ContextLoader 331 Context initialization failed
org.springframework.beans.factory.CannotLoadBeanClassException: Error loading class [org.springframework.scheduling.quartz.CronTriggerBean] for bean with name 'doWork' defined in class path resource [applicationContext.xml]: problem with class file or dependent class; nested exception is java.lang.IncompatibleClassChangeError: class org.springframework.scheduling.quartz.CronTriggerBean has interface org.quartz.CronTrigger as super class
	at org.springframework.beans.factory.support.AbstractBeanFactory.resolveBeanClass(AbstractBeanFactory.java:1330)
	at org.springframework.beans.factory.support.AbstractAutowireCapableBeanFactory.predictBeanType(AbstractAutowireCapableBeanFactory.java:594)
	at org.springframework.beans.factory.support.AbstractBeanFactory.isFactoryBean(AbstractBeanFactory.java:1396)
	at org.springframework.beans.factory.support.AbstractBeanFactory.isFactoryBean(AbstractBeanFactory.java:959)
	at org.springframework.beans.factory.support.DefaultListableBeanFactory.preInstantiateSingletons(DefaultListableBeanFactory.java:683)
	at org.springframework.context.support.AbstractApplicationContext.finishBeanFactoryInitialization(AbstractApplicationContext.java:760)
	at org.springframework.context.support.AbstractApplicationContext.refresh(AbstractApplicationContext.java:482)
	at org.springframework.web.context.ContextLoader.configureAndRefreshWebApplicationContext(ContextLoader.java:403)
	at org.springframework.web.context.ContextLoader.initWebApplicationContext(ContextLoader.java:306)
	at org.springframework.web.context.ContextLoaderListener.contextInitialized(ContextLoaderListener.java:106)
	at org.apache.catalina.core.StandardContext.listenerStart(StandardContext.java:4973)
	at org.apache.catalina.core.StandardContext.startInternal(StandardContext.java:5467)
	at org.apache.catalina.util.LifecycleBase.start(LifecycleBase.java:150)
	at org.apache.catalina.core.ContainerBase$StartChild.call(ContainerBase.java:1559)
	at org.apache.catalina.core.ContainerBase$StartChild.call(ContainerBase.java:1549)
	at java.util.concurrent.FutureTask.run(FutureTask.java:266)
	at java.util.concurrent.ThreadPoolExecutor.runWorker(ThreadPoolExecutor.java:1142)
	at java.util.concurrent.ThreadPoolExecutor$Worker.run(ThreadPoolExecutor.java:617)
	at java.lang.Thread.run(Thread.java:745)
Caused by: java.lang.IncompatibleClassChangeError: class org.springframework.scheduling.quartz.CronTriggerBean has interface org.quartz.CronTrigger as super class
	at java.lang.ClassLoader.defineClass1(Native Method)
	at java.lang.ClassLoader.defineClass(ClassLoader.java:763)
	at java.security.SecureClassLoader.defineClass(SecureClassLoader.java:142)
	at org.apache.catalina.loader.WebappClassLoader.findClassInternal(WebappClassLoader.java:2957)
	at org.apache.catalina.loader.WebappClassLoader.findClass(WebappClassLoader.java:1210)
	at org.apache.catalina.loader.WebappClassLoader.loadClass(WebappClassLoader.java:1690)
	at org.apache.catalina.loader.WebappClassLoader.loadClass(WebappClassLoader.java:1571)
	at org.springframework.util.ClassUtils.forName(ClassUtils.java:247)
	at org.springframework.beans.factory.support.AbstractBeanDefinition.resolveBeanClass(AbstractBeanDefinition.java:395)
	at org.springframework.beans.factory.support.AbstractBeanFactory.doResolveBeanClass(AbstractBeanFactory.java:1348)
	at org.springframework.beans.factory.support.AbstractBeanFactory.resolveBeanClass(AbstractBeanFactory.java:1319)
	... 18 more
2018-04-12 11:25:31:295 INFO [initWebApplicationContext] org.springframework.web.context.ContextLoader 285 Root WebApplicationContext: initialization started
2018-04-12 11:25:31:378 INFO [prepareRefresh] org.springframework.web.context.support.XmlWebApplicationContext 513 Refreshing Root WebApplicationContext: startup date [Thu Apr 12 11:25:31 CST 2018]; root of context hierarchy
2018-04-12 11:25:31:417 INFO [loadBeanDefinitions] org.springframework.beans.factory.xml.XmlBeanDefinitionReader 316 Loading XML bean definitions from class path resource [applicationContext.xml]
2018-04-12 11:25:31:616 INFO [loadBeanDefinitions] org.springframework.beans.factory.xml.XmlBeanDefinitionReader 316 Loading XML bean definitions from class path resource [spring-mybatis.xml]
2018-04-12 11:25:31:863 WARN [doScan] org.mybatis.spring.mapper.ClassPathMapperScanner 155 No MyBatis mapper was found in '[org.ssm.dufy.dao]' package. Please check your configuration.
2018-04-12 11:25:31:874 INFO [loadProperties] org.springframework.beans.factory.config.PropertyPlaceholderConfigurer 172 Loading properties file from class path resource [jdbc.properties]
2018-04-12 11:25:32:325 INFO [init] com.alibaba.druid.pool.DruidDataSource 642 {dataSource-1} inited
2018-04-12 11:25:32:567 INFO [start] org.springframework.context.support.DefaultLifecycleProcessor 341 Starting beans in phase 2147483647
2018-04-12 11:25:32:568 INFO [startScheduler] org.springframework.scheduling.quartz.SchedulerFactoryBean 649 Starting Quartz Scheduler now
2018-04-12 11:25:32:574 INFO [initWebApplicationContext] org.springframework.web.context.ContextLoader 325 Root WebApplicationContext: initialization completed in 1276 ms
2018-04-12 11:25:32:600 INFO [initServletBean] org.springframework.web.servlet.DispatcherServlet 479 FrameworkServlet 'dispatcherServlet': initialization started
2018-04-12 11:25:32:608 INFO [prepareRefresh] org.springframework.web.context.support.XmlWebApplicationContext 513 Refreshing WebApplicationContext for namespace 'dispatcherServlet-servlet': startup date [Thu Apr 12 11:25:32 CST 2018]; parent: Root WebApplicationContext
2018-04-12 11:25:32:609 INFO [loadBeanDefinitions] org.springframework.beans.factory.xml.XmlBeanDefinitionReader 316 Loading XML bean definitions from class path resource [spring-mvc.xml]
2018-04-12 11:25:33:063 INFO [registerHandlerMethod] org.springframework.web.servlet.mvc.method.annotation.RequestMappingHandlerMapping 197 Mapped "{[/save2],methods=[],params=[],headers=[],consumes=[],produces=[],custom=[]}" onto public void com.mlsc.ssm.controller.impl.QueryController.save()
2018-04-12 11:25:33:063 INFO [registerHandlerMethod] org.springframework.web.servlet.mvc.method.annotation.RequestMappingHandlerMapping 197 Mapped "{[/query2],methods=[],params=[],headers=[],consumes=[],produces=[],custom=[]}" onto public org.springframework.web.servlet.ModelAndView com.mlsc.ssm.controller.impl.QueryController.query(java.lang.String)
2018-04-12 11:25:33:063 INFO [registerHandlerMethod] org.springframework.web.servlet.mvc.method.annotation.RequestMappingHandlerMapping 197 Mapped "{[/save],methods=[],params=[],headers=[],consumes=[],produces=[],custom=[]}" onto public void com.mlsc.ssm.controller.QueryController.save()
2018-04-12 11:25:33:064 INFO [registerHandlerMethod] org.springframework.web.servlet.mvc.method.annotation.RequestMappingHandlerMapping 197 Mapped "{[/query],methods=[],params=[],headers=[],consumes=[],produces=[],custom=[]}" onto public org.springframework.web.servlet.ModelAndView com.mlsc.ssm.controller.QueryController.query(java.lang.String)
2018-04-12 11:25:33:392 INFO [registerHandler] org.springframework.web.servlet.handler.SimpleUrlHandlerMapping 315 Mapped URL path [/**] onto handler 'org.springframework.web.servlet.resource.DefaultServletHttpRequestHandler#0'
2018-04-12 11:25:33:406 INFO [registerHandler] org.springframework.web.servlet.handler.SimpleUrlHandlerMapping 315 Mapped URL path [/static/**] onto handler 'org.springframework.web.servlet.resource.ResourceHttpRequestHandler#0'
2018-04-12 11:25:33:464 INFO [initServletBean] org.springframework.web.servlet.DispatcherServlet 498 FrameworkServlet 'dispatcherServlet': initialization completed in 864 ms
2018-04-12 11:31:30:615 INFO [initWebApplicationContext] org.springframework.web.context.ContextLoader 285 Root WebApplicationContext: initialization started
2018-04-12 11:31:30:684 INFO [prepareRefresh] org.springframework.web.context.support.XmlWebApplicationContext 513 Refreshing Root WebApplicationContext: startup date [Thu Apr 12 11:31:30 CST 2018]; root of context hierarchy
2018-04-12 11:31:30:718 INFO [loadBeanDefinitions] org.springframework.beans.factory.xml.XmlBeanDefinitionReader 316 Loading XML bean definitions from class path resource [applicationContext.xml]
2018-04-12 11:31:30:863 INFO [loadBeanDefinitions] org.springframework.beans.factory.xml.XmlBeanDefinitionReader 316 Loading XML bean definitions from class path resource [spring-mybatis.xml]
2018-04-12 11:31:31:073 WARN [doScan] org.mybatis.spring.mapper.ClassPathMapperScanner 155 No MyBatis mapper was found in '[org.ssm.dufy.dao]' package. Please check your configuration.
2018-04-12 11:31:31:083 INFO [loadProperties] org.springframework.beans.factory.config.PropertyPlaceholderConfigurer 172 Loading properties file from class path resource [jdbc.properties]
2018-04-12 11:31:31:537 INFO [init] com.alibaba.druid.pool.DruidDataSource 642 {dataSource-1} inited
2018-04-12 11:31:31:785 INFO [start] org.springframework.context.support.DefaultLifecycleProcessor 341 Starting beans in phase 2147483647
2018-04-12 11:31:31:785 INFO [startScheduler] org.springframework.scheduling.quartz.SchedulerFactoryBean 649 Starting Quartz Scheduler now
2018-04-12 11:31:31:791 INFO [initWebApplicationContext] org.springframework.web.context.ContextLoader 325 Root WebApplicationContext: initialization completed in 1173 ms
2018-04-12 11:31:31:820 INFO [initServletBean] org.springframework.web.servlet.DispatcherServlet 479 FrameworkServlet 'dispatcherServlet': initialization started
2018-04-12 11:31:31:827 INFO [prepareRefresh] org.springframework.web.context.support.XmlWebApplicationContext 513 Refreshing WebApplicationContext for namespace 'dispatcherServlet-servlet': startup date [Thu Apr 12 11:31:31 CST 2018]; parent: Root WebApplicationContext
2018-04-12 11:31:31:828 INFO [loadBeanDefinitions] org.springframework.beans.factory.xml.XmlBeanDefinitionReader 316 Loading XML bean definitions from class path resource [spring-mvc.xml]
2018-04-12 11:31:32:311 INFO [registerHandlerMethod] org.springframework.web.servlet.mvc.method.annotation.RequestMappingHandlerMapping 197 Mapped "{[/save2],methods=[],params=[],headers=[],consumes=[],produces=[],custom=[]}" onto public void com.mlsc.ssm.controller.impl.QueryController.save()
2018-04-12 11:31:32:312 INFO [registerHandlerMethod] org.springframework.web.servlet.mvc.method.annotation.RequestMappingHandlerMapping 197 Mapped "{[/query2],methods=[],params=[],headers=[],consumes=[],produces=[],custom=[]}" onto public org.springframework.web.servlet.ModelAndView com.mlsc.ssm.controller.impl.QueryController.query(java.lang.String)
2018-04-12 11:31:32:312 INFO [registerHandlerMethod] org.springframework.web.servlet.mvc.method.annotation.RequestMappingHandlerMapping 197 Mapped "{[/save],methods=[],params=[],headers=[],consumes=[],produces=[],custom=[]}" onto public void com.mlsc.ssm.controller.QueryController.save()
2018-04-12 11:31:32:312 INFO [registerHandlerMethod] org.springframework.web.servlet.mvc.method.annotation.RequestMappingHandlerMapping 197 Mapped "{[/query],methods=[],params=[],headers=[],consumes=[],produces=[],custom=[]}" onto public org.springframework.web.servlet.ModelAndView com.mlsc.ssm.controller.QueryController.query(java.lang.String)
2018-04-12 11:31:32:650 INFO [registerHandler] org.springframework.web.servlet.handler.SimpleUrlHandlerMapping 315 Mapped URL path [/**] onto handler 'org.springframework.web.servlet.resource.DefaultServletHttpRequestHandler#0'
2018-04-12 11:31:32:665 INFO [registerHandler] org.springframework.web.servlet.handler.SimpleUrlHandlerMapping 315 Mapped URL path [/static/**] onto handler 'org.springframework.web.servlet.resource.ResourceHttpRequestHandler#0'
2018-04-12 11:31:32:724 INFO [initServletBean] org.springframework.web.servlet.DispatcherServlet 498 FrameworkServlet 'dispatcherServlet': initialization completed in 904 ms
2018-04-12 11:44:05:370 INFO [initWebApplicationContext] org.springframework.web.context.ContextLoader 285 Root WebApplicationContext: initialization started
2018-04-12 11:44:05:447 INFO [prepareRefresh] org.springframework.web.context.support.XmlWebApplicationContext 513 Refreshing Root WebApplicationContext: startup date [Thu Apr 12 11:44:05 CST 2018]; root of context hierarchy
2018-04-12 11:44:05:480 INFO [loadBeanDefinitions] org.springframework.beans.factory.xml.XmlBeanDefinitionReader 316 Loading XML bean definitions from class path resource [applicationContext.xml]
2018-04-12 11:44:05:627 INFO [loadBeanDefinitions] org.springframework.beans.factory.xml.XmlBeanDefinitionReader 316 Loading XML bean definitions from class path resource [spring-mybatis.xml]
2018-04-12 11:44:05:667 INFO [loadBeanDefinitions] org.springframework.beans.factory.xml.XmlBeanDefinitionReader 316 Loading XML bean definitions from class path resource [quartz.xml]
2018-04-12 11:44:05:852 WARN [doScan] org.mybatis.spring.mapper.ClassPathMapperScanner 155 No MyBatis mapper was found in '[org.ssm.dufy.dao]' package. Please check your configuration.
2018-04-12 11:44:05:867 INFO [loadProperties] org.springframework.beans.factory.config.PropertyPlaceholderConfigurer 172 Loading properties file from class path resource [jdbc.properties]
2018-04-12 11:44:06:319 INFO [init] com.alibaba.druid.pool.DruidDataSource 642 {dataSource-1} inited
2018-04-12 11:44:06:541 INFO [start] org.springframework.context.support.DefaultLifecycleProcessor 341 Starting beans in phase 2147483647
2018-04-12 11:44:06:541 INFO [startScheduler] org.springframework.scheduling.quartz.SchedulerFactoryBean 649 Starting Quartz Scheduler now
2018-04-12 11:44:06:547 INFO [initWebApplicationContext] org.springframework.web.context.ContextLoader 325 Root WebApplicationContext: initialization completed in 1173 ms
2018-04-12 11:44:06:573 INFO [initServletBean] org.springframework.web.servlet.DispatcherServlet 479 FrameworkServlet 'dispatcherServlet': initialization started
2018-04-12 11:44:06:580 INFO [prepareRefresh] org.springframework.web.context.support.XmlWebApplicationContext 513 Refreshing WebApplicationContext for namespace 'dispatcherServlet-servlet': startup date [Thu Apr 12 11:44:06 CST 2018]; parent: Root WebApplicationContext
2018-04-12 11:44:06:581 INFO [loadBeanDefinitions] org.springframework.beans.factory.xml.XmlBeanDefinitionReader 316 Loading XML bean definitions from class path resource [spring-mvc.xml]
2018-04-12 11:44:07:046 INFO [registerHandlerMethod] org.springframework.web.servlet.mvc.method.annotation.RequestMappingHandlerMapping 197 Mapped "{[/save2],methods=[],params=[],headers=[],consumes=[],produces=[],custom=[]}" onto public void com.mlsc.ssm.controller.impl.QueryController.save()
2018-04-12 11:44:07:047 INFO [registerHandlerMethod] org.springframework.web.servlet.mvc.method.annotation.RequestMappingHandlerMapping 197 Mapped "{[/query2],methods=[],params=[],headers=[],consumes=[],produces=[],custom=[]}" onto public org.springframework.web.servlet.ModelAndView com.mlsc.ssm.controller.impl.QueryController.query(java.lang.String)
2018-04-12 11:44:07:047 INFO [registerHandlerMethod] org.springframework.web.servlet.mvc.method.annotation.RequestMappingHandlerMapping 197 Mapped "{[/save],methods=[],params=[],headers=[],consumes=[],produces=[],custom=[]}" onto public void com.mlsc.ssm.controller.QueryController.save()
2018-04-12 11:44:07:047 INFO [registerHandlerMethod] org.springframework.web.servlet.mvc.method.annotation.RequestMappingHandlerMapping 197 Mapped "{[/query],methods=[],params=[],headers=[],consumes=[],produces=[],custom=[]}" onto public org.springframework.web.servlet.ModelAndView com.mlsc.ssm.controller.QueryController.query(java.lang.String)
2018-04-12 11:44:07:378 INFO [registerHandler] org.springframework.web.servlet.handler.SimpleUrlHandlerMapping 315 Mapped URL path [/**] onto handler 'org.springframework.web.servlet.resource.DefaultServletHttpRequestHandler#0'
2018-04-12 11:44:07:393 INFO [registerHandler] org.springframework.web.servlet.handler.SimpleUrlHandlerMapping 315 Mapped URL path [/static/**] onto handler 'org.springframework.web.servlet.resource.ResourceHttpRequestHandler#0'
2018-04-12 11:44:07:457 INFO [initServletBean] org.springframework.web.servlet.DispatcherServlet 498 FrameworkServlet 'dispatcherServlet': initialization completed in 884 ms
2018-04-12 14:34:25:726 INFO [initWebApplicationContext] org.springframework.web.context.ContextLoader 285 Root WebApplicationContext: initialization started
2018-04-12 14:34:25:797 INFO [prepareRefresh] org.springframework.web.context.support.XmlWebApplicationContext 513 Refreshing Root WebApplicationContext: startup date [Thu Apr 12 14:34:25 CST 2018]; root of context hierarchy
2018-04-12 14:34:25:829 INFO [loadBeanDefinitions] org.springframework.beans.factory.xml.XmlBeanDefinitionReader 316 Loading XML bean definitions from class path resource [applicationContext.xml]
2018-04-12 14:34:25:964 INFO [loadBeanDefinitions] org.springframework.beans.factory.xml.XmlBeanDefinitionReader 316 Loading XML bean definitions from class path resource [spring-mybatis.xml]
2018-04-12 14:34:25:992 INFO [loadBeanDefinitions] org.springframework.beans.factory.xml.XmlBeanDefinitionReader 316 Loading XML bean definitions from class path resource [quartz.xml]
2018-04-12 14:34:26:165 WARN [doScan] org.mybatis.spring.mapper.ClassPathMapperScanner 155 No MyBatis mapper was found in '[org.ssm.dufy.dao]' package. Please check your configuration.
2018-04-12 14:34:26:176 INFO [loadProperties] org.springframework.beans.factory.config.PropertyPlaceholderConfigurer 172 Loading properties file from class path resource [jdbc.properties]
2018-04-12 14:34:26:649 INFO [init] com.alibaba.druid.pool.DruidDataSource 642 {dataSource-1} inited
2018-04-12 14:34:26:923 INFO [start] org.springframework.context.support.DefaultLifecycleProcessor 341 Starting beans in phase 2147483647
2018-04-12 14:34:26:923 INFO [startScheduler] org.springframework.scheduling.quartz.SchedulerFactoryBean 649 Starting Quartz Scheduler now
2018-04-12 14:34:26:928 INFO [initWebApplicationContext] org.springframework.web.context.ContextLoader 325 Root WebApplicationContext: initialization completed in 1199 ms
2018-04-12 14:34:26:948 INFO [initServletBean] org.springframework.web.servlet.DispatcherServlet 479 FrameworkServlet 'dispatcherServlet': initialization started
2018-04-12 14:34:26:955 INFO [prepareRefresh] org.springframework.web.context.support.XmlWebApplicationContext 513 Refreshing WebApplicationContext for namespace 'dispatcherServlet-servlet': startup date [Thu Apr 12 14:34:26 CST 2018]; parent: Root WebApplicationContext
2018-04-12 14:34:26:956 INFO [loadBeanDefinitions] org.springframework.beans.factory.xml.XmlBeanDefinitionReader 316 Loading XML bean definitions from class path resource [spring-mvc.xml]
2018-04-12 14:34:27:429 INFO [registerHandlerMethod] org.springframework.web.servlet.mvc.method.annotation.RequestMappingHandlerMapping 197 Mapped "{[/save2],methods=[],params=[],headers=[],consumes=[],produces=[],custom=[]}" onto public void com.mlsc.ssm.controller.impl.QueryController.save()
2018-04-12 14:34:27:430 INFO [registerHandlerMethod] org.springframework.web.servlet.mvc.method.annotation.RequestMappingHandlerMapping 197 Mapped "{[/query2],methods=[],params=[],headers=[],consumes=[],produces=[],custom=[]}" onto public org.springframework.web.servlet.ModelAndView com.mlsc.ssm.controller.impl.QueryController.query(java.lang.String)
2018-04-12 14:34:27:430 INFO [registerHandlerMethod] org.springframework.web.servlet.mvc.method.annotation.RequestMappingHandlerMapping 197 Mapped "{[/save],methods=[],params=[],headers=[],consumes=[],produces=[],custom=[]}" onto public void com.mlsc.ssm.controller.QueryController.save()
2018-04-12 14:34:27:430 INFO [registerHandlerMethod] org.springframework.web.servlet.mvc.method.annotation.RequestMappingHandlerMapping 197 Mapped "{[/query],methods=[],params=[],headers=[],consumes=[],produces=[],custom=[]}" onto public org.springframework.web.servlet.ModelAndView com.mlsc.ssm.controller.QueryController.query(java.lang.String)
2018-04-12 14:34:27:762 INFO [registerHandler] org.springframework.web.servlet.handler.SimpleUrlHandlerMapping 315 Mapped URL path [/**] onto handler 'org.springframework.web.servlet.resource.DefaultServletHttpRequestHandler#0'
2018-04-12 14:34:27:773 INFO [registerHandler] org.springframework.web.servlet.handler.SimpleUrlHandlerMapping 315 Mapped URL path [/static/**] onto handler 'org.springframework.web.servlet.resource.ResourceHttpRequestHandler#0'
2018-04-12 14:34:27:831 INFO [initServletBean] org.springframework.web.servlet.DispatcherServlet 498 FrameworkServlet 'dispatcherServlet': initialization completed in 883 ms
2018-04-12 14:36:19:946 INFO [initWebApplicationContext] org.springframework.web.context.ContextLoader 285 Root WebApplicationContext: initialization started
2018-04-12 14:36:20:017 INFO [prepareRefresh] org.springframework.web.context.support.XmlWebApplicationContext 513 Refreshing Root WebApplicationContext: startup date [Thu Apr 12 14:36:20 CST 2018]; root of context hierarchy
2018-04-12 14:36:20:051 INFO [loadBeanDefinitions] org.springframework.beans.factory.xml.XmlBeanDefinitionReader 316 Loading XML bean definitions from class path resource [applicationContext.xml]
2018-04-12 14:36:20:200 INFO [loadBeanDefinitions] org.springframework.beans.factory.xml.XmlBeanDefinitionReader 316 Loading XML bean definitions from class path resource [spring-mybatis.xml]
2018-04-12 14:36:20:267 INFO [loadBeanDefinitions] org.springframework.beans.factory.xml.XmlBeanDefinitionReader 316 Loading XML bean definitions from class path resource [quartz.xml]
2018-04-12 14:36:20:445 WARN [doScan] org.mybatis.spring.mapper.ClassPathMapperScanner 155 No MyBatis mapper was found in '[org.ssm.dufy.dao]' package. Please check your configuration.
2018-04-12 14:36:20:457 INFO [loadProperties] org.springframework.beans.factory.config.PropertyPlaceholderConfigurer 172 Loading properties file from class path resource [jdbc.properties]
2018-04-12 14:36:20:913 INFO [init] com.alibaba.druid.pool.DruidDataSource 642 {dataSource-1} inited
2018-04-12 14:36:21:169 INFO [start] org.springframework.context.support.DefaultLifecycleProcessor 341 Starting beans in phase 2147483647
2018-04-12 14:36:21:169 INFO [startScheduler] org.springframework.scheduling.quartz.SchedulerFactoryBean 649 Starting Quartz Scheduler now
2018-04-12 14:36:21:175 INFO [initWebApplicationContext] org.springframework.web.context.ContextLoader 325 Root WebApplicationContext: initialization completed in 1225 ms
2018-04-12 14:36:21:199 INFO [initServletBean] org.springframework.web.servlet.DispatcherServlet 479 FrameworkServlet 'dispatcherServlet': initialization started
2018-04-12 14:36:21:208 INFO [prepareRefresh] org.springframework.web.context.support.XmlWebApplicationContext 513 Refreshing WebApplicationContext for namespace 'dispatcherServlet-servlet': startup date [Thu Apr 12 14:36:21 CST 2018]; parent: Root WebApplicationContext
2018-04-12 14:36:21:209 INFO [loadBeanDefinitions] org.springframework.beans.factory.xml.XmlBeanDefinitionReader 316 Loading XML bean definitions from class path resource [spring-mvc.xml]
2018-04-12 14:36:21:668 INFO [registerHandlerMethod] org.springframework.web.servlet.mvc.method.annotation.RequestMappingHandlerMapping 197 Mapped "{[/save2],methods=[],params=[],headers=[],consumes=[],produces=[],custom=[]}" onto public void com.mlsc.ssm.controller.impl.QueryController.save()
2018-04-12 14:36:21:669 INFO [registerHandlerMethod] org.springframework.web.servlet.mvc.method.annotation.RequestMappingHandlerMapping 197 Mapped "{[/query2],methods=[],params=[],headers=[],consumes=[],produces=[],custom=[]}" onto public org.springframework.web.servlet.ModelAndView com.mlsc.ssm.controller.impl.QueryController.query(java.lang.String)
2018-04-12 14:36:21:669 INFO [registerHandlerMethod] org.springframework.web.servlet.mvc.method.annotation.RequestMappingHandlerMapping 197 Mapped "{[/save],methods=[],params=[],headers=[],consumes=[],produces=[],custom=[]}" onto public void com.mlsc.ssm.controller.QueryController.save()
2018-04-12 14:36:21:669 INFO [registerHandlerMethod] org.springframework.web.servlet.mvc.method.annotation.RequestMappingHandlerMapping 197 Mapped "{[/query],methods=[],params=[],headers=[],consumes=[],produces=[],custom=[]}" onto public org.springframework.web.servlet.ModelAndView com.mlsc.ssm.controller.QueryController.query(java.lang.String)
2018-04-12 14:36:22:015 INFO [registerHandler] org.springframework.web.servlet.handler.SimpleUrlHandlerMapping 315 Mapped URL path [/**] onto handler 'org.springframework.web.servlet.resource.DefaultServletHttpRequestHandler#0'
2018-04-12 14:36:22:027 INFO [registerHandler] org.springframework.web.servlet.handler.SimpleUrlHandlerMapping 315 Mapped URL path [/static/**] onto handler 'org.springframework.web.servlet.resource.ResourceHttpRequestHandler#0'
2018-04-12 14:36:22:090 INFO [initServletBean] org.springframework.web.servlet.DispatcherServlet 498 FrameworkServlet 'dispatcherServlet': initialization completed in 891 ms
2018-04-12 15:01:41:851 INFO [initWebApplicationContext] org.springframework.web.context.ContextLoader 285 Root WebApplicationContext: initialization started
2018-04-12 15:01:41:927 INFO [prepareRefresh] org.springframework.web.context.support.XmlWebApplicationContext 513 Refreshing Root WebApplicationContext: startup date [Thu Apr 12 15:01:41 CST 2018]; root of context hierarchy
2018-04-12 15:01:41:962 INFO [loadBeanDefinitions] org.springframework.beans.factory.xml.XmlBeanDefinitionReader 316 Loading XML bean definitions from class path resource [applicationContext.xml]
2018-04-12 15:01:42:111 INFO [loadBeanDefinitions] org.springframework.beans.factory.xml.XmlBeanDefinitionReader 316 Loading XML bean definitions from class path resource [spring-mybatis.xml]
2018-04-12 15:01:42:150 INFO [loadBeanDefinitions] org.springframework.beans.factory.xml.XmlBeanDefinitionReader 316 Loading XML bean definitions from class path resource [quartz.xml]
2018-04-12 15:01:42:334 WARN [doScan] org.mybatis.spring.mapper.ClassPathMapperScanner 155 No MyBatis mapper was found in '[org.ssm.dufy.dao]' package. Please check your configuration.
2018-04-12 15:01:42:345 INFO [loadProperties] org.springframework.beans.factory.config.PropertyPlaceholderConfigurer 172 Loading properties file from class path resource [jdbc.properties]
2018-04-12 15:01:42:806 INFO [init] com.alibaba.druid.pool.DruidDataSource 642 {dataSource-1} inited
2018-04-12 15:01:43:047 INFO [start] org.springframework.context.support.DefaultLifecycleProcessor 341 Starting beans in phase 2147483647
2018-04-12 15:01:43:048 INFO [startScheduler] org.springframework.scheduling.quartz.SchedulerFactoryBean 649 Starting Quartz Scheduler now
2018-04-12 15:01:43:053 INFO [initWebApplicationContext] org.springframework.web.context.ContextLoader 325 Root WebApplicationContext: initialization completed in 1197 ms
2018-04-12 15:01:43:080 INFO [initServletBean] org.springframework.web.servlet.DispatcherServlet 479 FrameworkServlet 'dispatcherServlet': initialization started
2018-04-12 15:01:43:087 INFO [prepareRefresh] org.springframework.web.context.support.XmlWebApplicationContext 513 Refreshing WebApplicationContext for namespace 'dispatcherServlet-servlet': startup date [Thu Apr 12 15:01:43 CST 2018]; parent: Root WebApplicationContext
2018-04-12 15:01:43:089 INFO [loadBeanDefinitions] org.springframework.beans.factory.xml.XmlBeanDefinitionReader 316 Loading XML bean definitions from class path resource [spring-mvc.xml]
2018-04-12 15:01:45:934 INFO [registerHandlerMethod] org.springframework.web.servlet.mvc.method.annotation.RequestMappingHandlerMapping 197 Mapped "{[/save2],methods=[],params=[],headers=[],consumes=[],produces=[],custom=[]}" onto public void com.mlsc.ssm.controller.impl.QueryController.save()
2018-04-12 15:01:45:935 INFO [registerHandlerMethod] org.springframework.web.servlet.mvc.method.annotation.RequestMappingHandlerMapping 197 Mapped "{[/query2],methods=[],params=[],headers=[],consumes=[],produces=[],custom=[]}" onto public org.springframework.web.servlet.ModelAndView com.mlsc.ssm.controller.impl.QueryController.query(java.lang.String)
2018-04-12 15:01:45:935 INFO [registerHandlerMethod] org.springframework.web.servlet.mvc.method.annotation.RequestMappingHandlerMapping 197 Mapped "{[/save],methods=[],params=[],headers=[],consumes=[],produces=[],custom=[]}" onto public void com.mlsc.ssm.controller.QueryController.save()
2018-04-12 15:01:45:935 INFO [registerHandlerMethod] org.springframework.web.servlet.mvc.method.annotation.RequestMappingHandlerMapping 197 Mapped "{[/query],methods=[],params=[],headers=[],consumes=[],produces=[],custom=[]}" onto public org.springframework.web.servlet.ModelAndView com.mlsc.ssm.controller.QueryController.query(java.lang.String)
2018-04-12 15:01:46:265 INFO [registerHandler] org.springframework.web.servlet.handler.SimpleUrlHandlerMapping 315 Mapped URL path [/**] onto handler 'org.springframework.web.servlet.resource.DefaultServletHttpRequestHandler#0'
2018-04-12 15:01:46:279 INFO [registerHandler] org.springframework.web.servlet.handler.SimpleUrlHandlerMapping 315 Mapped URL path [/static/**] onto handler 'org.springframework.web.servlet.resource.ResourceHttpRequestHandler#0'
2018-04-12 15:01:46:335 INFO [initServletBean] org.springframework.web.servlet.DispatcherServlet 498 FrameworkServlet 'dispatcherServlet': initialization completed in 3254 ms
